The system is: Linux - 3.10.0-123.20.1.el7.x86_64 - x86_64
Compiling the C compiler identification source file "CMakeCCompilerId.c" succeeded.
Compiler: /usr/bin/cc 
Build flags: 
Id flags: 

The output was:
0


Compilation of the C compiler identification source "CMakeCCompilerId.c" produced "a.out"

The C compiler identification is GNU, found in "/home/jpdev/Workspace/Modern_CPP_TDD/sample_code/c5/10/build/CMakeFiles/2.8.11/CompilerIdC/a.out"

Compiling the CXX compiler identification source file "CMakeCXXCompilerId.cpp" succeeded.
Compiler: /usr/bin/c++ 
Build flags: 
Id flags: 

The output was:
0


Compilation of the CXX compiler identification source "CMakeCXXCompilerId.cpp" produced "a.out"

The CXX compiler identification is GNU, found in "/home/jpdev/Workspace/Modern_CPP_TDD/sample_code/c5/10/build/CMakeFiles/2.8.11/CompilerIdCXX/a.out"

Determining if the C compiler works passed with the following output:
Change Dir: /home/jpdev/Workspace/Modern_CPP_TDD/sample_code/c5/10/build/CMakeFiles/CMakeTmp

Run Build Command:/usr/bin/gmake "cmTryCompileExec2417467469/fast"
/usr/bin/gmake -f CMakeFiles/cmTryCompileExec2417467469.dir/build.make CMakeFiles/cmTryCompileExec2417467469.dir/build
gmake[1]: Entering directory `/home/jpdev/Workspace/Modern_CPP_TDD/sample_code/c5/10/build/CMakeFiles/CMakeTmp'
/usr/bin/cmake -E cmake_progress_report /home/jpdev/Workspace/Modern_CPP_TDD/sample_code/c5/10/build/CMakeFiles/CMakeTmp/CMakeFiles 1
Building C object CMakeFiles/cmTryCompileExec2417467469.dir/testCCompiler.c.o
/usr/bin/cc    -o CMakeFiles/cmTryCompileExec2417467469.dir/testCCompiler.c.o   -c /home/jpdev/Workspace/Modern_CPP_TDD/sample_code/c5/10/build/CMakeFiles/CMakeTmp/testCCompiler.c
Linking C executable cmTryCompileExec2417467469
/usr/bin/cmake -E cmake_link_script CMakeFiles/cmTryCompileExec2417467469.dir/link.txt --verbose=1
/usr/bin/cc         CMakeFiles/cmTryCompileExec2417467469.dir/testCCompiler.c.o  -o cmTryCompileExec2417467469 -rdynamic 
gmake[1]: Leaving directory `/home/jpdev/Workspace/Modern_CPP_TDD/sample_code/c5/10/build/CMakeFiles/CMakeTmp'


Detecting C compiler ABI info compiled with the following output:
Change Dir: /home/jpdev/Workspace/Modern_CPP_TDD/sample_code/c5/10/build/CMakeFiles/CMakeTmp

Run Build Command:/usr/bin/gmake "cmTryCompileExec3694602325/fast"
/usr/bin/gmake -f CMakeFiles/cmTryCompileExec3694602325.dir/build.make CMakeFiles/cmTryCompileExec3694602325.dir/build
gmake[1]: Entering directory `/home/jpdev/Workspace/Modern_CPP_TDD/sample_code/c5/10/build/CMakeFiles/CMakeTmp'
/usr/bin/cmake -E cmake_progress_report /home/jpdev/Workspace/Modern_CPP_TDD/sample_code/c5/10/build/CMakeFiles/CMakeTmp/CMakeFiles 1
Building C object CMakeFiles/cmTryCompileExec3694602325.dir/CMakeCCompilerABI.c.o
/usr/bin/cc    -o CMakeFiles/cmTryCompileExec3694602325.dir/CMakeCCompilerABI.c.o   -c /usr/share/cmake/Modules/CMakeCCompilerABI.c
Linking C executable cmTryCompileExec3694602325
/usr/bin/cmake -E cmake_link_script CMakeFiles/cmTryCompileExec3694602325.dir/link.txt --verbose=1
/usr/bin/cc       -v CMakeFiles/cmTryCompileExec3694602325.dir/CMakeCCompilerABI.c.o  -o cmTryCompileExec3694602325 -rdynamic  
Using built-in specs.
COLLECT_GCC=/usr/bin/cc
COLLECT_LTO_WRAPPER=/usr/libexec/gcc/x86_64-redhat-linux/4.8.2/lto-wrapper
Target: x86_64-redhat-linux
Configured with: ../configure --prefix=/usr --mandir=/usr/share/man --infodir=/usr/share/info --with-bugurl=http://bugzilla.redhat.com/bugzilla --enable-bootstrap --enable-shared --enable-threads=posix --enable-checking=release --with-system-zlib --enable-__cxa_atexit --disable-libunwind-exceptions --enable-gnu-unique-object --enable-linker-build-id --with-linker-hash-style=gnu --enable-languages=c,c++,objc,obj-c++,java,fortran,ada,go,lto --enable-plugin --enable-initfini-array --disable-libgcj --with-isl=/builddir/build/BUILD/gcc-4.8.2-20140120/obj-x86_64-redhat-linux/isl-install --with-cloog=/builddir/build/BUILD/gcc-4.8.2-20140120/obj-x86_64-redhat-linux/cloog-install --enable-gnu-indirect-function --with-tune=generic --with-arch_32=x86-64 --build=x86_64-redhat-linux
Thread model: posix
gcc version 4.8.2 20140120 (Red Hat 4.8.2-16) (GCC) 
COMPILER_PATH=/usr/libexec/gcc/x86_64-redhat-linux/4.8.2/:/usr/libexec/gcc/x86_64-redhat-linux/4.8.2/:/usr/libexec/gcc/x86_64-redhat-linux/:/usr/lib/gcc/x86_64-redhat-linux/4.8.2/:/usr/lib/gcc/x86_64-redhat-linux/
LIBRARY_PATH=/usr/lib/gcc/x86_64-redhat-linux/4.8.2/:/usr/lib/gcc/x86_64-redhat-linux/4.8.2/../../../../lib64/:/lib/../lib64/:/usr/lib/../lib64/:/usr/lib/gcc/x86_64-redhat-linux/4.8.2/../../../:/lib/:/usr/lib/
COLLECT_GCC_OPTIONS='-v' '-o' 'cmTryCompileExec3694602325' '-rdynamic' '-mtune=generic' '-march=x86-64'
 /usr/libexec/gcc/x86_64-redhat-linux/4.8.2/collect2 --build-id --no-add-needed --eh-frame-hdr --hash-style=gnu -m elf_x86_64 -export-dynamic -dynamic-linker /lib64/ld-linux-x86-64.so.2 -o cmTryCompileExec3694602325 /usr/lib/gcc/x86_64-redhat-linux/4.8.2/../../../../lib64/crt1.o /usr/lib/gcc/x86_64-redhat-linux/4.8.2/../../../../lib64/crti.o /usr/lib/gcc/x86_64-redhat-linux/4.8.2/crtbegin.o -L/usr/lib/gcc/x86_64-redhat-linux/4.8.2 -L/usr/lib/gcc/x86_64-redhat-linux/4.8.2/../../../../lib64 -L/lib/../lib64 -L/usr/lib/../lib64 -L/usr/lib/gcc/x86_64-redhat-linux/4.8.2/../../.. CMakeFiles/cmTryCompileExec3694602325.dir/CMakeCCompilerABI.c.o -lgcc --as-needed -lgcc_s --no-as-needed -lc -lgcc --as-needed -lgcc_s --no-as-needed /usr/lib/gcc/x86_64-redhat-linux/4.8.2/crtend.o /usr/lib/gcc/x86_64-redhat-linux/4.8.2/../../../../lib64/crtn.o
gmake[1]: Leaving directory `/home/jpdev/Workspace/Modern_CPP_TDD/sample_code/c5/10/build/CMakeFiles/CMakeTmp'


Parsed C implicit link information from above output:
  link line regex: [^( *|.*[/\])(ld|ld|collect2)[^/\]*( |$)]
  ignore line: [Change Dir: /home/jpdev/Workspace/Modern_CPP_TDD/sample_code/c5/10/build/CMakeFiles/CMakeTmp]
  ignore line: []
  ignore line: [Run Build Command:/usr/bin/gmake "cmTryCompileExec3694602325/fast"]
  ignore line: [/usr/bin/gmake -f CMakeFiles/cmTryCompileExec3694602325.dir/build.make CMakeFiles/cmTryCompileExec3694602325.dir/build]
  ignore line: [gmake[1]: Entering directory `/home/jpdev/Workspace/Modern_CPP_TDD/sample_code/c5/10/build/CMakeFiles/CMakeTmp']
  ignore line: [/usr/bin/cmake -E cmake_progress_report /home/jpdev/Workspace/Modern_CPP_TDD/sample_code/c5/10/build/CMakeFiles/CMakeTmp/CMakeFiles 1]
  ignore line: [Building C object CMakeFiles/cmTryCompileExec3694602325.dir/CMakeCCompilerABI.c.o]
  ignore line: [/usr/bin/cc    -o CMakeFiles/cmTryCompileExec3694602325.dir/CMakeCCompilerABI.c.o   -c /usr/share/cmake/Modules/CMakeCCompilerABI.c]
  ignore line: [Linking C executable cmTryCompileExec3694602325]
  ignore line: [/usr/bin/cmake -E cmake_link_script CMakeFiles/cmTryCompileExec3694602325.dir/link.txt --verbose=1]
  ignore line: [/usr/bin/cc       -v CMakeFiles/cmTryCompileExec3694602325.dir/CMakeCCompilerABI.c.o  -o cmTryCompileExec3694602325 -rdynamic  ]
  ignore line: [Using built-in specs.]
  ignore line: [COLLECT_GCC=/usr/bin/cc]
  ignore line: [COLLECT_LTO_WRAPPER=/usr/libexec/gcc/x86_64-redhat-linux/4.8.2/lto-wrapper]
  ignore line: [Target: x86_64-redhat-linux]
  ignore line: [Configured with: ../configure --prefix=/usr --mandir=/usr/share/man --infodir=/usr/share/info --with-bugurl=http://bugzilla.redhat.com/bugzilla --enable-bootstrap --enable-shared --enable-threads=posix --enable-checking=release --with-system-zlib --enable-__cxa_atexit --disable-libunwind-exceptions --enable-gnu-unique-object --enable-linker-build-id --with-linker-hash-style=gnu --enable-languages=c,c++,objc,obj-c++,java,fortran,ada,go,lto --enable-plugin --enable-initfini-array --disable-libgcj --with-isl=/builddir/build/BUILD/gcc-4.8.2-20140120/obj-x86_64-redhat-linux/isl-install --with-cloog=/builddir/build/BUILD/gcc-4.8.2-20140120/obj-x86_64-redhat-linux/cloog-install --enable-gnu-indirect-function --with-tune=generic --with-arch_32=x86-64 --build=x86_64-redhat-linux]
  ignore line: [Thread model: posix]
  ignore line: [gcc version 4.8.2 20140120 (Red Hat 4.8.2-16) (GCC) ]
  ignore line: [COMPILER_PATH=/usr/libexec/gcc/x86_64-redhat-linux/4.8.2/:/usr/libexec/gcc/x86_64-redhat-linux/4.8.2/:/usr/libexec/gcc/x86_64-redhat-linux/:/usr/lib/gcc/x86_64-redhat-linux/4.8.2/:/usr/lib/gcc/x86_64-redhat-linux/]
  ignore line: [LIBRARY_PATH=/usr/lib/gcc/x86_64-redhat-linux/4.8.2/:/usr/lib/gcc/x86_64-redhat-linux/4.8.2/../../../../lib64/:/lib/../lib64/:/usr/lib/../lib64/:/usr/lib/gcc/x86_64-redhat-linux/4.8.2/../../../:/lib/:/usr/lib/]
  ignore line: [COLLECT_GCC_OPTIONS='-v' '-o' 'cmTryCompileExec3694602325' '-rdynamic' '-mtune=generic' '-march=x86-64']
  link line: [ /usr/libexec/gcc/x86_64-redhat-linux/4.8.2/collect2 --build-id --no-add-needed --eh-frame-hdr --hash-style=gnu -m elf_x86_64 -export-dynamic -dynamic-linker /lib64/ld-linux-x86-64.so.2 -o cmTryCompileExec3694602325 /usr/lib/gcc/x86_64-redhat-linux/4.8.2/../../../../lib64/crt1.o /usr/lib/gcc/x86_64-redhat-linux/4.8.2/../../../../lib64/crti.o /usr/lib/gcc/x86_64-redhat-linux/4.8.2/crtbegin.o -L/usr/lib/gcc/x86_64-redhat-linux/4.8.2 -L/usr/lib/gcc/x86_64-redhat-linux/4.8.2/../../../../lib64 -L/lib/../lib64 -L/usr/lib/../lib64 -L/usr/lib/gcc/x86_64-redhat-linux/4.8.2/../../.. CMakeFiles/cmTryCompileExec3694602325.dir/CMakeCCompilerABI.c.o -lgcc --as-needed -lgcc_s --no-as-needed -lc -lgcc --as-needed -lgcc_s --no-as-needed /usr/lib/gcc/x86_64-redhat-linux/4.8.2/crtend.o /usr/lib/gcc/x86_64-redhat-linux/4.8.2/../../../../lib64/crtn.o]
    arg [/usr/libexec/gcc/x86_64-redhat-linux/4.8.2/collect2] ==> ignore
    arg [--build-id] ==> ignore
    arg [--no-add-needed] ==> ignore
    arg [--eh-frame-hdr] ==> ignore
    arg [--hash-style=gnu] ==> ignore
    arg [-m] ==> ignore
    arg [elf_x86_64] ==> ignore
    arg [-export-dynamic] ==> ignore
    arg [-dynamic-linker] ==> ignore
    arg [/lib64/ld-linux-x86-64.so.2] ==> ignore
    arg [-o] ==> ignore
    arg [cmTryCompileExec3694602325] ==> ignore
    arg [/usr/lib/gcc/x86_64-redhat-linux/4.8.2/../../../../lib64/crt1.o] ==> ignore
    arg [/usr/lib/gcc/x86_64-redhat-linux/4.8.2/../../../../lib64/crti.o] ==> ignore
    arg [/usr/lib/gcc/x86_64-redhat-linux/4.8.2/crtbegin.o] ==> ignore
    arg [-L/usr/lib/gcc/x86_64-redhat-linux/4.8.2] ==> dir [/usr/lib/gcc/x86_64-redhat-linux/4.8.2]
    arg [-L/usr/lib/gcc/x86_64-redhat-linux/4.8.2/../../../../lib64] ==> dir [/usr/lib/gcc/x86_64-redhat-linux/4.8.2/../../../../lib64]
    arg [-L/lib/../lib64] ==> dir [/lib/../lib64]
    arg [-L/usr/lib/../lib64] ==> dir [/usr/lib/../lib64]
    arg [-L/usr/lib/gcc/x86_64-redhat-linux/4.8.2/../../..] ==> dir [/usr/lib/gcc/x86_64-redhat-linux/4.8.2/../../..]
    arg [CMakeFiles/cmTryCompileExec3694602325.dir/CMakeCCompilerABI.c.o] ==> ignore
    arg [-lgcc] ==> lib [gcc]
    arg [--as-needed] ==> ignore
    arg [-lgcc_s] ==> lib [gcc_s]
    arg [--no-as-needed] ==> ignore
    arg [-lc] ==> lib [c]
    arg [-lgcc] ==> lib [gcc]
    arg [--as-needed] ==> ignore
    arg [-lgcc_s] ==> lib [gcc_s]
    arg [--no-as-needed] ==> ignore
    arg [/usr/lib/gcc/x86_64-redhat-linux/4.8.2/crtend.o] ==> ignore
    arg [/usr/lib/gcc/x86_64-redhat-linux/4.8.2/../../../../lib64/crtn.o] ==> ignore
  remove lib [gcc]
  remove lib [gcc_s]
  remove lib [gcc]
  remove lib [gcc_s]
  collapse library dir [/usr/lib/gcc/x86_64-redhat-linux/4.8.2] ==> [/usr/lib/gcc/x86_64-redhat-linux/4.8.2]
  collapse library dir [/usr/lib/gcc/x86_64-redhat-linux/4.8.2/../../../../lib64] ==> [/usr/lib64]
  collapse library dir [/lib/../lib64] ==> [/lib64]
  collapse library dir [/usr/lib/../lib64] ==> [/usr/lib64]
  collapse library dir [/usr/lib/gcc/x86_64-redhat-linux/4.8.2/../../..] ==> [/usr/lib]
  implicit libs: [c]
  implicit dirs: [/usr/lib/gcc/x86_64-redhat-linux/4.8.2;/usr/lib64;/lib64;/usr/lib]
  implicit fwks: []


Determining if the CXX compiler works passed with the following output:
Change Dir: /home/jpdev/Workspace/Modern_CPP_TDD/sample_code/c5/10/build/CMakeFiles/CMakeTmp

Run Build Command:/usr/bin/gmake "cmTryCompileExec3878532308/fast"
/usr/bin/gmake -f CMakeFiles/cmTryCompileExec3878532308.dir/build.make CMakeFiles/cmTryCompileExec3878532308.dir/build
gmake[1]: Entering directory `/home/jpdev/Workspace/Modern_CPP_TDD/sample_code/c5/10/build/CMakeFiles/CMakeTmp'
/usr/bin/cmake -E cmake_progress_report /home/jpdev/Workspace/Modern_CPP_TDD/sample_code/c5/10/build/CMakeFiles/CMakeTmp/CMakeFiles 1
Building CXX object CMakeFiles/cmTryCompileExec3878532308.dir/testCXXCompiler.cxx.o
/usr/bin/c++     -o CMakeFiles/cmTryCompileExec3878532308.dir/testCXXCompiler.cxx.o -c /home/jpdev/Workspace/Modern_CPP_TDD/sample_code/c5/10/build/CMakeFiles/CMakeTmp/testCXXCompiler.cxx
Linking CXX executable cmTryCompileExec3878532308
/usr/bin/cmake -E cmake_link_script CMakeFiles/cmTryCompileExec3878532308.dir/link.txt --verbose=1
/usr/bin/c++          CMakeFiles/cmTryCompileExec3878532308.dir/testCXXCompiler.cxx.o  -o cmTryCompileExec3878532308 -rdynamic 
gmake[1]: Leaving directory `/home/jpdev/Workspace/Modern_CPP_TDD/sample_code/c5/10/build/CMakeFiles/CMakeTmp'


Detecting CXX compiler ABI info compiled with the following output:
Change Dir: /home/jpdev/Workspace/Modern_CPP_TDD/sample_code/c5/10/build/CMakeFiles/CMakeTmp

Run Build Command:/usr/bin/gmake "cmTryCompileExec2401022803/fast"
/usr/bin/gmake -f CMakeFiles/cmTryCompileExec2401022803.dir/build.make CMakeFiles/cmTryCompileExec2401022803.dir/build
gmake[1]: Entering directory `/home/jpdev/Workspace/Modern_CPP_TDD/sample_code/c5/10/build/CMakeFiles/CMakeTmp'
/usr/bin/cmake -E cmake_progress_report /home/jpdev/Workspace/Modern_CPP_TDD/sample_code/c5/10/build/CMakeFiles/CMakeTmp/CMakeFiles 1
Building CXX object CMakeFiles/cmTryCompileExec2401022803.dir/CMakeCXXCompilerABI.cpp.o
/usr/bin/c++     -o CMakeFiles/cmTryCompileExec2401022803.dir/CMakeCXXCompilerABI.cpp.o -c /usr/share/cmake/Modules/CMakeCXXCompilerABI.cpp
Linking CXX executable cmTryCompileExec2401022803
/usr/bin/cmake -E cmake_link_script CMakeFiles/cmTryCompileExec2401022803.dir/link.txt --verbose=1
/usr/bin/c++        -v CMakeFiles/cmTryCompileExec2401022803.dir/CMakeCXXCompilerABI.cpp.o  -o cmTryCompileExec2401022803 -rdynamic  
Using built-in specs.
COLLECT_GCC=/usr/bin/c++
COLLECT_LTO_WRAPPER=/usr/libexec/gcc/x86_64-redhat-linux/4.8.2/lto-wrapper
Target: x86_64-redhat-linux
Configured with: ../configure --prefix=/usr --mandir=/usr/share/man --infodir=/usr/share/info --with-bugurl=http://bugzilla.redhat.com/bugzilla --enable-bootstrap --enable-shared --enable-threads=posix --enable-checking=release --with-system-zlib --enable-__cxa_atexit --disable-libunwind-exceptions --enable-gnu-unique-object --enable-linker-build-id --with-linker-hash-style=gnu --enable-languages=c,c++,objc,obj-c++,java,fortran,ada,go,lto --enable-plugin --enable-initfini-array --disable-libgcj --with-isl=/builddir/build/BUILD/gcc-4.8.2-20140120/obj-x86_64-redhat-linux/isl-install --with-cloog=/builddir/build/BUILD/gcc-4.8.2-20140120/obj-x86_64-redhat-linux/cloog-install --enable-gnu-indirect-function --with-tune=generic --with-arch_32=x86-64 --build=x86_64-redhat-linux
Thread model: posix
gcc version 4.8.2 20140120 (Red Hat 4.8.2-16) (GCC) 
COMPILER_PATH=/usr/libexec/gcc/x86_64-redhat-linux/4.8.2/:/usr/libexec/gcc/x86_64-redhat-linux/4.8.2/:/usr/libexec/gcc/x86_64-redhat-linux/:/usr/lib/gcc/x86_64-redhat-linux/4.8.2/:/usr/lib/gcc/x86_64-redhat-linux/
LIBRARY_PATH=/usr/lib/gcc/x86_64-redhat-linux/4.8.2/:/usr/lib/gcc/x86_64-redhat-linux/4.8.2/../../../../lib64/:/lib/../lib64/:/usr/lib/../lib64/:/usr/lib/gcc/x86_64-redhat-linux/4.8.2/../../../:/lib/:/usr/lib/
COLLECT_GCC_OPTIONS='-v' '-o' 'cmTryCompileExec2401022803' '-rdynamic' '-shared-libgcc' '-mtune=generic' '-march=x86-64'
 /usr/libexec/gcc/x86_64-redhat-linux/4.8.2/collect2 --build-id --no-add-needed --eh-frame-hdr --hash-style=gnu -m elf_x86_64 -export-dynamic -dynamic-linker /lib64/ld-linux-x86-64.so.2 -o cmTryCompileExec2401022803 /usr/lib/gcc/x86_64-redhat-linux/4.8.2/../../../../lib64/crt1.o /usr/lib/gcc/x86_64-redhat-linux/4.8.2/../../../../lib64/crti.o /usr/lib/gcc/x86_64-redhat-linux/4.8.2/crtbegin.o -L/usr/lib/gcc/x86_64-redhat-linux/4.8.2 -L/usr/lib/gcc/x86_64-redhat-linux/4.8.2/../../../../lib64 -L/lib/../lib64 -L/usr/lib/../lib64 -L/usr/lib/gcc/x86_64-redhat-linux/4.8.2/../../.. CMakeFiles/cmTryCompileExec2401022803.dir/CMakeCXXCompilerABI.cpp.o -lstdc++ -lm -lgcc_s -lgcc -lc -lgcc_s -lgcc /usr/lib/gcc/x86_64-redhat-linux/4.8.2/crtend.o /usr/lib/gcc/x86_64-redhat-linux/4.8.2/../../../../lib64/crtn.o
gmake[1]: Leaving directory `/home/jpdev/Workspace/Modern_CPP_TDD/sample_code/c5/10/build/CMakeFiles/CMakeTmp'


Parsed CXX implicit link information from above output:
  link line regex: [^( *|.*[/\])(ld|ld|collect2)[^/\]*( |$)]
  ignore line: [Change Dir: /home/jpdev/Workspace/Modern_CPP_TDD/sample_code/c5/10/build/CMakeFiles/CMakeTmp]
  ignore line: []
  ignore line: [Run Build Command:/usr/bin/gmake "cmTryCompileExec2401022803/fast"]
  ignore line: [/usr/bin/gmake -f CMakeFiles/cmTryCompileExec2401022803.dir/build.make CMakeFiles/cmTryCompileExec2401022803.dir/build]
  ignore line: [gmake[1]: Entering directory `/home/jpdev/Workspace/Modern_CPP_TDD/sample_code/c5/10/build/CMakeFiles/CMakeTmp']
  ignore line: [/usr/bin/cmake -E cmake_progress_report /home/jpdev/Workspace/Modern_CPP_TDD/sample_code/c5/10/build/CMakeFiles/CMakeTmp/CMakeFiles 1]
  ignore line: [Building CXX object CMakeFiles/cmTryCompileExec2401022803.dir/CMakeCXXCompilerABI.cpp.o]
  ignore line: [/usr/bin/c++     -o CMakeFiles/cmTryCompileExec2401022803.dir/CMakeCXXCompilerABI.cpp.o -c /usr/share/cmake/Modules/CMakeCXXCompilerABI.cpp]
  ignore line: [Linking CXX executable cmTryCompileExec2401022803]
  ignore line: [/usr/bin/cmake -E cmake_link_script CMakeFiles/cmTryCompileExec2401022803.dir/link.txt --verbose=1]
  ignore line: [/usr/bin/c++        -v CMakeFiles/cmTryCompileExec2401022803.dir/CMakeCXXCompilerABI.cpp.o  -o cmTryCompileExec2401022803 -rdynamic  ]
  ignore line: [Using built-in specs.]
  ignore line: [COLLECT_GCC=/usr/bin/c++]
  ignore line: [COLLECT_LTO_WRAPPER=/usr/libexec/gcc/x86_64-redhat-linux/4.8.2/lto-wrapper]
  ignore line: [Target: x86_64-redhat-linux]
  ignore line: [Configured with: ../configure --prefix=/usr --mandir=/usr/share/man --infodir=/usr/share/info --with-bugurl=http://bugzilla.redhat.com/bugzilla --enable-bootstrap --enable-shared --enable-threads=posix --enable-checking=release --with-system-zlib --enable-__cxa_atexit --disable-libunwind-exceptions --enable-gnu-unique-object --enable-linker-build-id --with-linker-hash-style=gnu --enable-languages=c,c++,objc,obj-c++,java,fortran,ada,go,lto --enable-plugin --enable-initfini-array --disable-libgcj --with-isl=/builddir/build/BUILD/gcc-4.8.2-20140120/obj-x86_64-redhat-linux/isl-install --with-cloog=/builddir/build/BUILD/gcc-4.8.2-20140120/obj-x86_64-redhat-linux/cloog-install --enable-gnu-indirect-function --with-tune=generic --with-arch_32=x86-64 --build=x86_64-redhat-linux]
  ignore line: [Thread model: posix]
  ignore line: [gcc version 4.8.2 20140120 (Red Hat 4.8.2-16) (GCC) ]
  ignore line: [COMPILER_PATH=/usr/libexec/gcc/x86_64-redhat-linux/4.8.2/:/usr/libexec/gcc/x86_64-redhat-linux/4.8.2/:/usr/libexec/gcc/x86_64-redhat-linux/:/usr/lib/gcc/x86_64-redhat-linux/4.8.2/:/usr/lib/gcc/x86_64-redhat-linux/]
  ignore line: [LIBRARY_PATH=/usr/lib/gcc/x86_64-redhat-linux/4.8.2/:/usr/lib/gcc/x86_64-redhat-linux/4.8.2/../../../../lib64/:/lib/../lib64/:/usr/lib/../lib64/:/usr/lib/gcc/x86_64-redhat-linux/4.8.2/../../../:/lib/:/usr/lib/]
  ignore line: [COLLECT_GCC_OPTIONS='-v' '-o' 'cmTryCompileExec2401022803' '-rdynamic' '-shared-libgcc' '-mtune=generic' '-march=x86-64']
  link line: [ /usr/libexec/gcc/x86_64-redhat-linux/4.8.2/collect2 --build-id --no-add-needed --eh-frame-hdr --hash-style=gnu -m elf_x86_64 -export-dynamic -dynamic-linker /lib64/ld-linux-x86-64.so.2 -o cmTryCompileExec2401022803 /usr/lib/gcc/x86_64-redhat-linux/4.8.2/../../../../lib64/crt1.o /usr/lib/gcc/x86_64-redhat-linux/4.8.2/../../../../lib64/crti.o /usr/lib/gcc/x86_64-redhat-linux/4.8.2/crtbegin.o -L/usr/lib/gcc/x86_64-redhat-linux/4.8.2 -L/usr/lib/gcc/x86_64-redhat-linux/4.8.2/../../../../lib64 -L/lib/../lib64 -L/usr/lib/../lib64 -L/usr/lib/gcc/x86_64-redhat-linux/4.8.2/../../.. CMakeFiles/cmTryCompileExec2401022803.dir/CMakeCXXCompilerABI.cpp.o -lstdc++ -lm -lgcc_s -lgcc -lc -lgcc_s -lgcc /usr/lib/gcc/x86_64-redhat-linux/4.8.2/crtend.o /usr/lib/gcc/x86_64-redhat-linux/4.8.2/../../../../lib64/crtn.o]
    arg [/usr/libexec/gcc/x86_64-redhat-linux/4.8.2/collect2] ==> ignore
    arg [--build-id] ==> ignore
    arg [--no-add-needed] ==> ignore
    arg [--eh-frame-hdr] ==> ignore
    arg [--hash-style=gnu] ==> ignore
    arg [-m] ==> ignore
    arg [elf_x86_64] ==> ignore
    arg [-export-dynamic] ==> ignore
    arg [-dynamic-linker] ==> ignore
    arg [/lib64/ld-linux-x86-64.so.2] ==> ignore
    arg [-o] ==> ignore
    arg [cmTryCompileExec2401022803] ==> ignore
    arg [/usr/lib/gcc/x86_64-redhat-linux/4.8.2/../../../../lib64/crt1.o] ==> ignore
    arg [/usr/lib/gcc/x86_64-redhat-linux/4.8.2/../../../../lib64/crti.o] ==> ignore
    arg [/usr/lib/gcc/x86_64-redhat-linux/4.8.2/crtbegin.o] ==> ignore
    arg [-L/usr/lib/gcc/x86_64-redhat-linux/4.8.2] ==> dir [/usr/lib/gcc/x86_64-redhat-linux/4.8.2]
    arg [-L/usr/lib/gcc/x86_64-redhat-linux/4.8.2/../../../../lib64] ==> dir [/usr/lib/gcc/x86_64-redhat-linux/4.8.2/../../../../lib64]
    arg [-L/lib/../lib64] ==> dir [/lib/../lib64]
    arg [-L/usr/lib/../lib64] ==> dir [/usr/lib/../lib64]
    arg [-L/usr/lib/gcc/x86_64-redhat-linux/4.8.2/../../..] ==> dir [/usr/lib/gcc/x86_64-redhat-linux/4.8.2/../../..]
    arg [CMakeFiles/cmTryCompileExec2401022803.dir/CMakeCXXCompilerABI.cpp.o] ==> ignore
    arg [-lstdc++] ==> lib [stdc++]
    arg [-lm] ==> lib [m]
    arg [-lgcc_s] ==> lib [gcc_s]
    arg [-lgcc] ==> lib [gcc]
    arg [-lc] ==> lib [c]
    arg [-lgcc_s] ==> lib [gcc_s]
    arg [-lgcc] ==> lib [gcc]
    arg [/usr/lib/gcc/x86_64-redhat-linux/4.8.2/crtend.o] ==> ignore
    arg [/usr/lib/gcc/x86_64-redhat-linux/4.8.2/../../../../lib64/crtn.o] ==> ignore
  remove lib [gcc_s]
  remove lib [gcc]
  remove lib [gcc_s]
  remove lib [gcc]
  collapse library dir [/usr/lib/gcc/x86_64-redhat-linux/4.8.2] ==> [/usr/lib/gcc/x86_64-redhat-linux/4.8.2]
  collapse library dir [/usr/lib/gcc/x86_64-redhat-linux/4.8.2/../../../../lib64] ==> [/usr/lib64]
  collapse library dir [/lib/../lib64] ==> [/lib64]
  collapse library dir [/usr/lib/../lib64] ==> [/usr/lib64]
  collapse library dir [/usr/lib/gcc/x86_64-redhat-linux/4.8.2/../../..] ==> [/usr/lib]
  implicit libs: [stdc++;m;c]
  implicit dirs: [/usr/lib/gcc/x86_64-redhat-linux/4.8.2;/usr/lib64;/lib64;/usr/lib]
  implicit fwks: []


